example/build/app/intermediates/manifest_merge_blame_file/debug/manifest-merger-blame-debug-report.txt
1<?xml version="1.0" encoding="utf-8"?>
2<manifest xmlns:android="http://schemas.android.com/apk/res/android"
3    package="com.sc.facetec.facetecplugin_example"
4    android:versionCode="1"
5    android:versionName="1.0" >
6
7    <uses-sdk
8        android:minSdkVersion="19"
8-->src\main\AndroidManifest.xml
9        android:targetSdkVersion="33" />
9-->src\main\AndroidManifest.xml
10
11    <uses-permission android:name="android.permission.INTERNET" />
11-->[com.facetec:facetec-sdk:9.6.27] AndroidManifest.xml:9:5-67
11-->[com.facetec:facetec-sdk:9.6.27] AndroidManifest.xml:9:22-64
12    <uses-permission android:name="android.permission.CAMERA" />
12-->[com.facetec:facetec-sdk:9.6.27] AndroidManifest.xml:10:5-65
12-->[com.facetec:facetec-sdk:9.6.27] AndroidManifest.xml:10:22-62
13    <uses-permission android:name="android.permission.ACCESS_NETWORK_STATE" />
13-->[com.facetec:facetec-sdk:9.6.27] AndroidManifest.xml:11:5-79
13-->[com.facetec:facetec-sdk:9.6.27] AndroidManifest.xml:11:22-76
14    <uses-permission android:name="android.permission.ACCESS_WIFI_STATE" />
14-->[com.facetec:facetec-sdk:9.6.27] AndroidManifest.xml:12:5-76
14-->[com.facetec:facetec-sdk:9.6.27] AndroidManifest.xml:12:22-73
15
16    <queries>
16-->[com.facetec:facetec-sdk:9.6.27] AndroidManifest.xml:14:5-18:15
17        <intent>
17-->[com.facetec:facetec-sdk:9.6.27] AndroidManifest.xml:15:9-17:18
18            <action android:name="android.intent.action.TTS_SERVICE" />
18-->[com.facetec:facetec-sdk:9.6.27] AndroidManifest.xml:16:13-72
18-->[com.facetec:facetec-sdk:9.6.27] AndroidManifest.xml:16:21-69
19        </intent>
20    </queries>
21
22    <uses-feature
22-->[com.facetec:facetec-sdk:9.6.27] AndroidManifest.xml:20:5-22:36
23        android:name="android.hardware.camera"
23-->[com.facetec:facetec-sdk:9.6.27] AndroidManifest.xml:21:9-47
24        android:required="false" />
24-->[com.facetec:facetec-sdk:9.6.27] AndroidManifest.xml:22:9-33
25    <uses-feature
25-->[com.facetec:facetec-sdk:9.6.27] AndroidManifest.xml:23:5-25:36
26        android:name="android.hardware.camera.front"
26-->[com.facetec:facetec-sdk:9.6.27] AndroidManifest.xml:24:9-53
27        android:required="false" />
27-->[com.facetec:facetec-sdk:9.6.27] AndroidManifest.xml:25:9-33
28    <uses-feature
28-->[com.facetec:facetec-sdk:9.6.27] AndroidManifest.xml:26:5-28:36
29        android:name="android.hardware.camera.autofocus"
29-->[com.facetec:facetec-sdk:9.6.27] AndroidManifest.xml:27:9-57
30        android:required="false" />
30-->[com.facetec:facetec-sdk:9.6.27] AndroidManifest.xml:28:9-33
31
32    <application
33        android:name="android.app.Application"
33-->src\main\AndroidManifest.xml:5:9-42
34        android:appComponentFactory="androidx.core.app.CoreComponentFactory"
34-->[androidx.core:core:1.6.0] AndroidManifest.xml:24:18-86
35        android:debuggable="true"
36        android:hardwareAccelerated="true"
36-->[com.facetec:facetec-sdk:9.6.27] AndroidManifest.xml:31:9-43
37        android:icon="@mipmap/ic_launcher"
37-->src\main\AndroidManifest.xml:6:9-43
38        android:label="facetecplugin_example"
38-->src\main\AndroidManifest.xml:4:9-46
39        android:largeHeap="true"
39-->[com.facetec:facetec-sdk:9.6.27] AndroidManifest.xml:32:9-33
40        android:testOnly="true" >
41        <activity
41-->src\main\AndroidManifest.xml:7:9-27:20
42            android:name="com.sc.facetec.facetecplugin_example.MainActivity"
42-->src\main\AndroidManifest.xml:8:13-41
43            android:configChanges="orientation|keyboardHidden|keyboard|screenSize|smallestScreenSize|locale|layoutDirection|fontScale|screenLayout|density|uiMode"
43-->src\main\AndroidManifest.xml:12:13-163
44            android:exported="true"
44-->src\main\AndroidManifest.xml:9:13-36
45            android:hardwareAccelerated="true"
45-->src\main\AndroidManifest.xml:13:13-47
46            android:launchMode="singleTop"
46-->src\main\AndroidManifest.xml:10:13-43
47            android:theme="@style/LaunchTheme"
47-->src\main\AndroidManifest.xml:11:13-47
48            android:windowSoftInputMode="adjustResize" >
48-->src\main\AndroidManifest.xml:14:13-55
49
50            <!--
51                 Specifies an Android theme to apply to this Activity as soon as
52                 the Android process has started. This theme is visible to the user
53                 while the Flutter UI initializes. After that, this theme continues
54                 to determine the Window background behind the Flutter UI.
55            -->
56            <meta-data
56-->src\main\AndroidManifest.xml:19:13-22:17
57                android:name="io.flutter.embedding.android.NormalTheme"
57-->src\main\AndroidManifest.xml:20:15-70
58                android:resource="@style/NormalTheme" />
58-->src\main\AndroidManifest.xml:21:15-52
59
60            <intent-filter>
60-->src\main\AndroidManifest.xml:23:13-26:29
61                <action android:name="android.intent.action.MAIN" />
61-->src\main\AndroidManifest.xml:24:17-68
61-->src\main\AndroidManifest.xml:24:25-66
62
63                <category android:name="android.intent.category.LAUNCHER" />
63-->src\main\AndroidManifest.xml:25:17-76
63-->src\main\AndroidManifest.xml:25:27-74
64            </intent-filter>
65        </activity>
66        <!--
67             Don't delete the meta-data below.
68             This is used by the Flutter tool to generate GeneratedPluginRegistrant.java
69        -->
70        <meta-data
70-->src\main\AndroidManifest.xml:30:9-32:33
71            android:name="flutterEmbedding"
71-->src\main\AndroidManifest.xml:31:13-44
72            android:value="2" />
72-->src\main\AndroidManifest.xml:32:13-30
73
74        <uses-library
74-->[androidx.window:window:1.0.0-beta04] AndroidManifest.xml:25:9-27:40
75            android:name="androidx.window.extensions"
75-->[androidx.window:window:1.0.0-beta04] AndroidManifest.xml:26:13-54
76            android:required="false" />
76-->[androidx.window:window:1.0.0-beta04] AndroidManifest.xml:27:13-37
77        <uses-library
77-->[androidx.window:window:1.0.0-beta04] AndroidManifest.xml:28:9-30:40
78            android:name="androidx.window.sidecar"
78-->[androidx.window:window:1.0.0-beta04] AndroidManifest.xml:29:13-51
79            android:required="false" />
79-->[androidx.window:window:1.0.0-beta04] AndroidManifest.xml:30:13-37
80
81        <activity
81-->[com.facetec:facetec-sdk:9.6.27] AndroidManifest.xml:33:9-41:20
82            android:name="com.facetec.sdk.FaceTecSessionActivity"
82-->[com.facetec:facetec-sdk:9.6.27] AndroidManifest.xml:34:13-66
83            android:configChanges="orientation|keyboardHidden|screenSize"
83-->[com.facetec:facetec-sdk:9.6.27] AndroidManifest.xml:35:13-74
84            android:excludeFromRecents="true"
84-->[com.facetec:facetec-sdk:9.6.27] AndroidManifest.xml:36:13-46
85            android:resizeableActivity="false"
85-->[com.facetec:facetec-sdk:9.6.27] AndroidManifest.xml:37:13-47
86            android:supportsRtl="true"
86-->[com.facetec:facetec-sdk:9.6.27] AndroidManifest.xml:38:13-39
87            android:theme="@style/Theme.AppCompat.Translucent"
87-->[com.facetec:facetec-sdk:9.6.27] AndroidManifest.xml:39:13-63
88            android:windowSoftInputMode="adjustPan" >
88-->[com.facetec:facetec-sdk:9.6.27] AndroidManifest.xml:40:13-52
89        </activity>
90    </application>
91
92</manifest>